<?xml version="1.0" encoding="UTF-8"?>
<robot generator="Robot 6.1.1 (Python 3.11.5 on darwin)" generated="20230907 12:00:22.987" rpa="false" schemaversion="4">
<suite id="s1" name="Preenchimento Incorreto" source="/Users/evertonsouza/Desktop/curso-robot/testes/preenchimento_incorreto.robot">
<test id="s1-t1" name="Verificar se quando um campo obrigatório não for preenchido corretamento o sistema exibe uma mensagem de campo obrigatório" line="7">
<kw name="Dados que eu acesse o Organo" library="setup_teardown" type="SETUP">
<kw name="Open Browser" library="SeleniumLibrary">
<arg>url=http://localhost:3000/</arg>
<arg>browser=Chrome</arg>
<doc>Opens a new browser instance to the optional ``url``.</doc>
<msg timestamp="20230907 12:00:23.352" level="INFO">Opening browser 'Chrome' to base url 'http://localhost:3000/'.</msg>
<status status="PASS" starttime="20230907 12:00:23.352" endtime="20230907 12:00:25.011"/>
</kw>
<status status="PASS" starttime="20230907 12:00:23.352" endtime="20230907 12:00:25.011"/>
</kw>
<kw name="Dado que eu clique no botão criar card" library="cadastro">
<kw name="Click Element" library="SeleniumLibrary">
<arg>${BOTAO_CARD}</arg>
<doc>Click the element identified by ``locator``.</doc>
<msg timestamp="20230907 12:00:25.012" level="INFO">Clicking element 'id:form-botao'.</msg>
<status status="PASS" starttime="20230907 12:00:25.012" endtime="20230907 12:00:25.044"/>
</kw>
<status status="PASS" starttime="20230907 12:00:25.011" endtime="20230907 12:00:25.044"/>
</kw>
<kw name="Então sistema deve apresentar mensagem de campo obrigatório" library="cadastro">
<kw name="Element Should Be Visible" library="SeleniumLibrary">
<arg>id:form-nome-erro</arg>
<doc>Verifies that the element identified by ``locator`` is visible.</doc>
<msg timestamp="20230907 12:00:25.071" level="INFO">Element 'id:form-nome-erro' is displayed.</msg>
<status status="PASS" starttime="20230907 12:00:25.045" endtime="20230907 12:00:25.071"/>
</kw>
<kw name="Element Should Be Visible" library="SeleniumLibrary">
<arg>id:form-cargo-erro</arg>
<doc>Verifies that the element identified by ``locator`` is visible.</doc>
<msg timestamp="20230907 12:00:25.086" level="INFO">Element 'id:form-cargo-erro' is displayed.</msg>
<status status="PASS" starttime="20230907 12:00:25.071" endtime="20230907 12:00:25.086"/>
</kw>
<kw name="Element Should Be Visible" library="SeleniumLibrary">
<arg>id:form-times-erro</arg>
<doc>Verifies that the element identified by ``locator`` is visible.</doc>
<msg timestamp="20230907 12:00:25.096" level="INFO">Element 'id:form-times-erro' is displayed.</msg>
<status status="PASS" starttime="20230907 12:00:25.086" endtime="20230907 12:00:25.096"/>
</kw>
<status status="PASS" starttime="20230907 12:00:25.044" endtime="20230907 12:00:25.097"/>
</kw>
<kw name="Fechar navegador" library="setup_teardown" type="TEARDOWN">
<kw name="Close Browser" library="SeleniumLibrary">
<doc>Closes the current browser.</doc>
<status status="PASS" starttime="20230907 12:00:25.097" endtime="20230907 12:00:25.175"/>
</kw>
<status status="PASS" starttime="20230907 12:00:25.097" endtime="20230907 12:00:25.176"/>
</kw>
<status status="PASS" starttime="20230907 12:00:23.351" endtime="20230907 12:00:25.176"/>
</test>
<status status="PASS" starttime="20230907 12:00:22.989" endtime="20230907 12:00:25.176"/>
</suite>
<statistics>
<total>
<stat pass="1" fail="0" skip="0">All Tests</stat>
</total>
<tag>
</tag>
<suite>
<stat pass="1" fail="0" skip="0" id="s1" name="Preenchimento Incorreto">Preenchimento Incorreto</stat>
</suite>
</statistics>
<errors>
</errors>
</robot>
